mode: set
github.com/camjw/tic-tac-go/lib/board.go:11.37,18.2 2 1
github.com/camjw/tic-tac-go/lib/board.go:20.35,22.2 1 1
github.com/camjw/tic-tac-go/lib/board.go:24.24,25.24 1 1
github.com/camjw/tic-tac-go/lib/board.go:25.24,27.3 1 1
github.com/camjw/tic-tac-go/lib/board.go:30.32,31.26 1 1
github.com/camjw/tic-tac-go/lib/board.go:31.26,33.3 1 1
github.com/camjw/tic-tac-go/lib/board.go:33.8,35.3 1 1
github.com/camjw/tic-tac-go/lib/board.go:38.52,43.2 4 1
github.com/camjw/tic-tac-go/lib/board.go:45.39,47.24 2 1
github.com/camjw/tic-tac-go/lib/board.go:54.2,54.18 1 1
github.com/camjw/tic-tac-go/lib/board.go:57.2,57.15 1 1
github.com/camjw/tic-tac-go/lib/board.go:47.24,48.28 1 1
github.com/camjw/tic-tac-go/lib/board.go:48.28,49.27 1 1
github.com/camjw/tic-tac-go/lib/board.go:49.27,51.5 1 1
github.com/camjw/tic-tac-go/lib/board.go:54.18,56.3 1 1
github.com/camjw/tic-tac-go/lib/board.go:60.43,61.79 1 1
github.com/camjw/tic-tac-go/lib/board.go:64.2,64.14 1 1
github.com/camjw/tic-tac-go/lib/board.go:61.79,63.3 1 1
github.com/camjw/tic-tac-go/lib/board.go:67.32,68.57 1 1
github.com/camjw/tic-tac-go/lib/board.go:71.2,71.14 1 1
github.com/camjw/tic-tac-go/lib/board.go:68.57,70.3 1 1
github.com/camjw/tic-tac-go/lib/board.go:74.48,75.25 1 1
github.com/camjw/tic-tac-go/lib/board.go:81.2,81.14 1 1
github.com/camjw/tic-tac-go/lib/board.go:75.25,77.50 2 1
github.com/camjw/tic-tac-go/lib/board.go:77.50,79.4 1 1
github.com/camjw/tic-tac-go/lib/board.go:84.50,85.25 1 1
github.com/camjw/tic-tac-go/lib/board.go:91.2,91.14 1 1
github.com/camjw/tic-tac-go/lib/board.go:85.25,87.47 2 1
github.com/camjw/tic-tac-go/lib/board.go:87.47,89.4 1 1
github.com/camjw/tic-tac-go/lib/board.go:94.48,98.40 4 1
github.com/camjw/tic-tac-go/lib/board.go:101.2,101.14 1 1
github.com/camjw/tic-tac-go/lib/board.go:98.40,100.3 1 1
github.com/camjw/tic-tac-go/lib/board.go:104.30,106.2 1 1
github.com/camjw/tic-tac-go/lib/computer_player.go:11.53,13.2 1 1
github.com/camjw/tic-tac-go/lib/computer_player.go:15.41,18.2 2 0
github.com/camjw/tic-tac-go/lib/computer_player.go:20.57,21.22 1 1
github.com/camjw/tic-tac-go/lib/computer_player.go:21.22,23.3 1 0
github.com/camjw/tic-tac-go/lib/computer_player.go:23.8,23.29 1 1
github.com/camjw/tic-tac-go/lib/computer_player.go:23.29,25.3 1 0
github.com/camjw/tic-tac-go/lib/computer_player.go:25.8,27.3 1 1
github.com/camjw/tic-tac-go/lib/computer_player.go:30.61,31.22 1 0
github.com/camjw/tic-tac-go/lib/computer_player.go:35.2,38.45 3 0
github.com/camjw/tic-tac-go/lib/computer_player.go:45.2,45.46 1 0
github.com/camjw/tic-tac-go/lib/computer_player.go:31.22,33.3 1 0
github.com/camjw/tic-tac-go/lib/computer_player.go:38.45,43.3 4 0
github.com/camjw/tic-tac-go/lib/computer_player.go:48.98,49.30 1 0
github.com/camjw/tic-tac-go/lib/computer_player.go:49.30,53.3 3 0
github.com/camjw/tic-tac-go/lib/computer_player.go:53.8,57.3 3 0
github.com/camjw/tic-tac-go/lib/computer_player.go:60.47,63.2 2 0
github.com/camjw/tic-tac-go/lib/computer_player.go:65.47,68.2 2 0
github.com/camjw/tic-tac-go/lib/computer_player.go:70.55,71.26 1 0
github.com/camjw/tic-tac-go/lib/computer_player.go:76.2,76.11 1 0
github.com/camjw/tic-tac-go/lib/computer_player.go:71.26,72.17 1 0
github.com/camjw/tic-tac-go/lib/computer_player.go:72.17,74.4 1 0
github.com/camjw/tic-tac-go/lib/player.go:8.43,10.2 1 1
github.com/camjw/tic-tac-go/lib/player.go:12.40,14.2 1 1
