mode: set
github.com/camjw/tic-tac-go/lib/board.go:9.33,15.2 1 1
github.com/camjw/tic-tac-go/lib/board.go:17.27,18.28 1 0
github.com/camjw/tic-tac-go/lib/board.go:18.28,20.4 1 0
github.com/camjw/tic-tac-go/lib/board.go:23.54,26.2 2 1
github.com/camjw/tic-tac-go/lib/board.go:28.42,30.2 1 0
github.com/camjw/tic-tac-go/lib/board.go:32.50,33.26 1 1
github.com/camjw/tic-tac-go/lib/board.go:39.3,39.15 1 1
github.com/camjw/tic-tac-go/lib/board.go:33.26,35.52 2 1
github.com/camjw/tic-tac-go/lib/board.go:35.52,37.6 1 1
github.com/camjw/tic-tac-go/lib/board.go:42.52,43.26 1 1
github.com/camjw/tic-tac-go/lib/board.go:49.3,49.15 1 1
github.com/camjw/tic-tac-go/lib/board.go:43.26,45.49 2 1
github.com/camjw/tic-tac-go/lib/board.go:45.49,47.6 1 1
github.com/camjw/tic-tac-go/lib/board.go:52.50,56.41 4 1
github.com/camjw/tic-tac-go/lib/board.go:59.3,59.15 1 1
github.com/camjw/tic-tac-go/lib/board.go:56.41,58.4 1 1
